\BOOKMARK [1][-]{section.1}{\376\377\000D\000u\000o\000m\000e\000n\001\163\000\040\000b\000a\000z\001\027\000s\000\040\000s\000t\000r\000u\000k\000t\001\153\000r\000a}{}% 1
\BOOKMARK [1][-]{section.2}{\376\377\000S\000i\000s\000t\000e\000m\000o\000s\000\040\000a\000r\000c\000h\000i\000t\000e\000k\000t\001\153\000r\000a}{}% 2
\BOOKMARK [1][-]{section.3}{\376\377\000S\000u\000d\001\027\000t\000i\000n\000g\000e\000s\000n\000i\001\163\000\040\000m\000o\000d\000u\000l\000i\001\163\000\040\000v\000e\000i\000k\000i\000m\000o\000\040\000a\000p\000i\000b\000r\001\027\001\176\000i\000m\000a\000i}{}% 3
\BOOKMARK [2][-]{subsection.3.1}{\376\377\000\040\000P\000a\000s\000k\000y\000r\000o\000s\000\040\000p\000a\000r\000a\000m\000e\000t\000r\001\163\000\040\000k\000e\000i\000t\000i\000m\000a\000s\000\040}{section.3}% 4
\BOOKMARK [3][-]{subsubsection.3.1.1}{\376\377\000P\000a\000r\000a\000m\000e\000t\000r\001\163\000\040\000k\000e\000i\000t\000i\000m\000a\000s}{subsection.3.1}% 5
\BOOKMARK [3][-]{subsubsection.3.1.2}{\376\377\000P\000.\000O\000.\000\040\000m\000o\000k\000e\000s\000t\000i\000s}{subsection.3.1}% 6
\BOOKMARK [2][-]{subsection.3.2}{\376\377\000\040\000P\000a\000s\000k\000y\000r\000o\000s\000\040\000i\001\141\000t\000r\000i\000n\000i\000m\000a\000s\000\040}{section.3}% 7
\BOOKMARK [2][-]{subsection.3.3}{\376\377\000\040\000P\000.\000O\000.\000\040\000d\000u\000o\000m\000e\000n\001\163\000\040\001\057\000v\000e\000d\000i\000m\000a\000s\000\040}{section.3}% 8
\BOOKMARK [3][-]{subsubsection.3.3.1}{\376\377\000D\000u\000o\000m\000e\000n\001\163\000\040\000v\000a\000l\000i\000d\000a\000v\000i\000m\000a\000s}{subsection.3.3}% 9
\BOOKMARK [3][-]{subsubsection.3.3.2}{\376\377\000D\000e\000t\000a\000l\000i\001\163\000\040\000.\000c\000s\000v\000\040\000f\000a\000i\000l\000o\000\040\000v\000a\000l\000i\000d\000a\000v\000i\000m\000a\000s}{subsection.3.3}% 10
\BOOKMARK [3][-]{subsubsection.3.3.3}{\376\377\000D\000u\000o\000m\000e\000n\001\163\000\040\000s\000u\000s\000i\000e\000j\000i\000m\000a\000s}{subsection.3.3}% 11
\BOOKMARK [2][-]{subsection.3.4}{\376\377\000\040\000P\000j\001\153\000v\000i\000o\000\040\000p\000l\000a\000n\000o\000\040\000i\000n\000f\000o\000r\000m\000a\000c\000i\000j\000o\000s\000\040\000i\001\141\000s\000a\000u\000g\000o\000j\000i\000m\000a\000s\000\040}{section.3}% 12
\BOOKMARK [1][-]{section.4}{\376\377\000I\000n\000t\000e\000r\000f\000e\000i\000s\000a\000i}{}% 13
\BOOKMARK [2][-]{subsection.4.1}{\376\377\000N\000a\000m\001\163\000\040\000p\000u\000s\000l\000a\000p\000i\000s\000\040\000\050\000v\000a\000r\000t\000o\000t\000o\000j\000a\000s\000\040\000p\000r\000i\000s\000i\000j\000u\000n\000g\001\031\000s\000\051}{section.4}% 14
\BOOKMARK [2][-]{subsection.4.2}{\376\377\000V\000a\000r\000t\000o\000t\000o\000j\000o\000\040\000p\000a\000s\000k\000y\000r\000o\000s\000\040\000p\000u\000s\000l\000a\000p\000i\000s}{section.4}% 15
\BOOKMARK [2][-]{subsection.4.3}{\376\377\000V\000a\000r\000t\000o\000t\000o\000j\000o\000\040\000p\000a\000s\000k\000y\000r\000o\000s\000\040\000p\000u\000s\000l\000a\000p\000i\000s\000\040\000-\000\040\000r\000e\000g\000i\000s\000t\000r\000a\000c\000i\000j\000a}{section.4}% 16
\BOOKMARK [2][-]{subsection.4.4}{\376\377\000V\000a\000r\000t\000o\000t\000o\000j\000o\000\040\000p\000a\000s\000k\000y\000r\000o\000s\000\040\000p\000u\000s\000l\000a\000p\000i\000s\000\040\000-\000\040\000r\000e\000g\000i\000s\000t\000r\000a\000c\000i\000j\000a\000\040\000\050\000s\000u\000\040\000k\000l\000a\000i\000d\000a\000\051}{section.4}% 17
\BOOKMARK [2][-]{subsection.4.5}{\376\377\000V\000a\000r\000t\000o\000t\000o\000j\000o\000\040\000p\000a\000s\000k\000y\000r\000o\000s\000\040\000p\000u\000s\000l\000a\000p\000i\000s\000\040\000-\000\040\000s\001\027\000k\000m\000i\000n\000g\000a\000\040\000r\000e\000g\000i\000s\000t\000r\000a\000c\000i\000j\000a}{section.4}% 18
\BOOKMARK [2][-]{subsection.4.6}{\376\377\000V\000a\000r\000t\000o\000t\000o\000j\000o\000\040\000p\000a\000s\000k\000y\000r\000o\000s\000\040\000p\000u\000s\000l\000a\000p\000i\000s\000\040\000-\000\040\000p\000r\000i\000s\000i\000j\000u\000n\000g\000i\000m\000a\000s}{section.4}% 19
\BOOKMARK [2][-]{subsection.4.7}{\376\377\000V\000a\000r\000t\000o\000t\000o\000j\000o\000\040\000p\000a\000s\000k\000y\000r\000o\000s\000\040\000p\000u\000s\000l\000a\000p\000i\000s\000\040\000-\000\040\000p\000r\000i\000s\000i\000j\000u\000n\000g\000i\000m\000a\000s\000\040\000\050\000s\000u\000\040\000k\000l\000a\000i\000d\000a\000\051}{section.4}% 20
\BOOKMARK [2][-]{subsection.4.8}{\376\377\000V\000a\000r\000t\000o\000t\000o\000j\000o\000\040\000p\000a\000s\000k\000y\000r\000o\000s\000\040\000p\000u\000s\000l\000a\000p\000i\000s\000\040\000-\000\040\000p\000a\000m\000i\000r\001\141\000t\000a\000s\000\040\000s\000l\000a\000p\000t\000a\001\176\000o\000d\000i\000s}{section.4}% 21
\BOOKMARK [2][-]{subsection.4.9}{\376\377\000V\000a\000r\000t\000o\000t\000o\000j\000o\000\040\000p\000a\000s\000k\000y\000r\000o\000s\000\040\000p\000u\000s\000l\000a\000p\000i\000s\000\040\000-\000\040\000p\000a\000m\000i\000r\001\141\000t\000a\000s\000\040\000s\000l\000a\000p\000t\000a\001\176\000o\000d\000i\000s\000\040\0002}{section.4}% 22
\BOOKMARK [2][-]{subsection.4.10}{\376\377\000V\000a\000r\000t\000o\000t\000o\000j\000o\000\040\000p\000a\000s\000k\000y\000r\000o\000s\000\040\000p\000u\000s\000l\000a\000p\000i\000s\000\040\000-\000\040\000p\000r\000i\000s\000i\000j\000u\000n\000g\000u\000s\000\040\000\050\000n\000e\000a\000p\000m\000o\000k\001\027\000t\000a\000\040\000u\001\176\000\040\000p\000a\000s\000l\000a\000u\000g\000a\000s\000\051}{section.4}% 23
\BOOKMARK [2][-]{subsection.4.11}{\376\377\000V\000a\000r\000t\000o\000t\000o\000j\000o\000\040\000p\000a\000s\000k\000y\000r\000o\000s\000\040\000p\000u\000s\000l\000a\000p\000i\000s\000\040\000-\000\040\000p\000r\000i\000s\000i\000j\000u\000n\000g\000u\000s\000\040\000\050\000a\000p\000m\000o\000k\001\027\000t\000a\000\040\000u\001\176\000\040\000p\000a\000s\000l\000a\000u\000g\000a\000s\000\051}{section.4}% 24
\BOOKMARK [2][-]{subsection.4.12}{\376\377\000V\000a\000r\000t\000o\000t\000o\000j\000o\000\040\000p\000a\000s\000k\000y\000r\000o\000s\000\040\000p\000u\000s\000l\000a\000p\000i\000s\000\040\000-\000\040\000p\000r\000i\000s\000i\000j\000u\000n\000g\000u\000s\000\040\000-\000\040\000m\000o\000k\001\027\000j\000i\000m\000a\000s}{section.4}% 25
\BOOKMARK [2][-]{subsection.4.13}{\376\377\000V\000a\000r\000t\000o\000t\000o\000j\000o\000\040\000p\000a\000s\000k\000y\000r\000o\000s\000\040\000p\000u\000s\000l\000a\000p\000i\000s\000\040\000-\000\040\000p\000r\000i\000s\000i\000j\000u\000n\000g\000u\000s\000\040\000-\000\040\000m\000o\000k\001\027\000j\000i\000m\000a\000s\000\040\000\050\000s\000u\000\040\000k\000l\000a\000i\000d\000a\000\051}{section.4}% 26
\BOOKMARK [2][-]{subsection.4.14}{\376\377\000V\000a\000r\000t\000o\000t\000o\000j\000o\000\040\000p\000a\000s\000k\000y\000r\000o\000s\000\040\000p\000u\000s\000l\000a\000p\000i\000s\000\040\000-\000\040\000a\000d\000m\000i\000n\000i\000s\000t\000r\000a\000t\000o\000r\000i\000u\000s}{section.4}% 27
\BOOKMARK [2][-]{subsection.4.15}{\376\377\000V\000a\000r\000t\000o\000t\000o\000j\000o\000\040\000p\000a\000s\000k\000y\000r\000o\000s\000\040\000p\000u\000s\000l\000a\000p\000i\000s\000\040\000-\000\040\000a\000d\000m\000i\000n\000i\000s\000t\000r\000a\000t\000o\000r\000i\000u\000s\000\040\000\050\000s\000u\000\040\000k\000l\000a\000i\000d\000a\000\051}{section.4}% 28
\BOOKMARK [2][-]{subsection.4.16}{\376\377\000O\000p\000t\000i\000m\000i\000z\000a\000v\000i\000m\000o\000\040\000p\000u\000s\000l\000a\000p\000i\000s\000\040\000-\000\040\000n\000e\000p\000r\000i\000s\000i\000j\000u\000n\000g\000u\000s}{section.4}% 29
\BOOKMARK [2][-]{subsection.4.17}{\376\377\000O\000p\000t\000i\000m\000i\000z\000a\000v\000i\000m\000o\000\040\000p\000u\000s\000l\000a\000p\000i\000s\000\040\000-\000\040\000p\000r\000i\000s\000i\000j\000u\000n\000g\000u\000s}{section.4}% 30
\BOOKMARK [2][-]{subsection.4.18}{\376\377\000O\000p\000t\000i\000m\000i\000z\000a\000v\000i\000m\000o\000\040\000p\000u\000s\000l\000a\000p\000i\000s\000\040\000-\000\040\000p\000r\000i\000s\000i\000j\000u\000n\000g\000u\000s\000\040\000\050\000s\000u\000\040\000k\000l\000a\000i\000d\000a\000\051}{section.4}% 31
\BOOKMARK [2][-]{subsection.4.19}{\376\377\000O\000p\000t\000i\000m\000i\000z\000a\000v\000i\000m\000o\000\040\000p\000u\000s\000l\000a\000p\000i\000s\000\040\000-\000\040\000p\000o\000\040\000o\000p\000t\000i\000m\000i\000z\000a\000v\000i\000m\000o\000\040\000p\000r\000o\000c\000e\000s\000o}{section.4}% 32
\BOOKMARK [2][-]{subsection.4.20}{\376\377\000O\000p\000t\000i\000m\000i\000z\000a\000v\000i\000m\000o\000\040\000p\000u\000s\000l\000a\000p\000i\000s\000\040\000-\000\040\000p\000o\000\040\000o\000p\000t\000i\000m\000i\000z\000a\000v\000i\000m\000o\000,\000\040\000p\000a\000s\000i\000r\000i\000n\000k\000u\000s\000\040\000v\000i\000e\000n\000o\000\040\000i\001\141\000\040\000p\000l\000a\000n\001\163\000\040\000p\000e\000r\001\176\000i\001\153\000r\001\005}{section.4}% 33
\BOOKMARK [2][-]{subsection.4.21}{\376\377\000O\000p\000t\000i\000m\000i\000z\000a\000v\000i\000m\000o\000\040\000p\000u\000s\000l\000a\000p\000i\000s\000\040\000-\000\040\000p\000o\000\040\000o\000p\000t\000i\000m\000i\000z\000a\000v\000i\000m\000o\000,\000\040\000p\000a\000s\000i\000r\000i\000n\000k\000u\000s\000\040\000v\000i\000e\000n\000o\000\040\000i\001\141\000\040\000p\000l\000a\000n\001\163\000\040\000p\000e\000r\001\176\000i\001\153\000r\001\005\000\040\000\050\000i\001\141\000\040\000a\000r\001\015\000i\000a\000u\000\051}{section.4}% 34
\BOOKMARK [2][-]{subsection.4.22}{\376\377\000O\000p\000t\000i\000m\000i\000z\000a\000v\000i\000m\000o\000\040\000p\000u\000s\000l\000a\000p\000i\000s\000\040\000-\000\040\000p\000a\000s\000i\000r\000i\000n\000k\000t\000o\000\040\000p\000l\000a\000n\000o\000\040\000i\001\141\000s\000a\000u\000g\000o\000j\000i\000m\000a\000s}{section.4}% 35
\BOOKMARK [2][-]{subsection.4.23}{\376\377\000O\000p\000t\000i\000m\000i\000z\000a\000v\000i\000m\000o\000\040\000p\000u\000s\000l\000a\000p\000i\000s\000\040\000-\000\040\000p\000a\000s\000i\000r\000i\000n\000k\000t\000o\000\040\000p\000l\000a\000n\000o\000\040\000i\001\141\000s\000a\000u\000g\000o\000j\000i\000m\000a\000s\000\040\000\050\000s\000u\000\040\000k\000l\000a\000i\000d\000a\000\051}{section.4}% 36
\BOOKMARK [2][-]{subsection.4.24}{\376\377\000O\000p\000t\000i\000m\000i\000z\000a\000v\000i\000m\000o\000\040\000p\000u\000s\000l\000a\000p\000i\000s\000\040\000-\000\040\000i\000s\000t\000o\000r\000i\000j\000o\000s\000\040\000p\000e\000r\001\176\000i\001\153\000r\000a}{section.4}% 37
\BOOKMARK [2][-]{subsection.4.25}{\376\377\000O\000p\000t\000i\000m\000i\000z\000a\000v\000i\000m\000o\000\040\000p\000u\000s\000l\000a\000p\000i\000s\000\040\000-\000\040\000i\000s\000t\000o\000r\000i\000j\000o\000s\000\040\000r\000e\000d\000a\000g\000a\000v\000i\000m\000a\000s\000\040\000\050\000s\000u\000\040\000k\000l\000a\000i\000d\000a\000\051}{section.4}% 38
\BOOKMARK [2][-]{subsection.4.26}{\376\377\000O\000p\000t\000i\000m\000i\000z\000a\000v\000i\000m\000o\000\040\000p\000u\000s\000l\000a\000p\000i\000s\000\040\000-\000\040\000i\001\141\000s\000a\000u\000g\000o\000t\000o\000\040\000p\000l\000a\000n\000o\000\040\000i\000s\000t\000o\000r\000i\000j\000o\000j\000e\000\040\000p\000e\000r\001\176\000i\001\153\000r\000a\000\040\000\050\000i\001\141\000\040\000a\000r\001\015\000i\000a\000u\000\051}{section.4}% 39
\BOOKMARK [2][-]{subsection.4.27}{\376\377\000S\000u\000s\000i\000s\000i\000e\000k\000i\000m\000o\000\040\000s\000u\000\040\000m\000u\000m\000i\000s\000\040\000p\000u\000s\000l\000a\000p\000i\000s}{section.4}% 40
\BOOKMARK [2][-]{subsection.4.28}{\376\377\000S\000u\000s\000i\000s\000i\000e\000k\000i\000m\000o\000\040\000s\000u\000\040\000m\000u\000m\000i\000s\000\040\000p\000u\000s\000l\000a\000p\000i\000s\000\040\000\050\000s\000u\000\040\000k\000l\000a\000i\000d\000a\000\051}{section.4}% 41
\BOOKMARK [1][-]{section.5}{\376\377\000K\000l\000a\000s\000i\001\163\000\040\000d\000i\000a\000g\000r\000a\000m\000a}{}% 42
\BOOKMARK [1][-]{section.6}{\376\377\000R\000e\000i\000k\000a\000l\000a\000v\000i\000m\001\163\000\040\000a\000t\000s\000e\000k\000a\000m\000u\000m\001\163\000\040\000l\000e\000n\000t\000e\000l\001\027}{}% 43
