\BOOKMARK [1][-]{section*.2}{\376\377\000A\000p\001\176\000v\000a\000l\000g\000a}{}% 1
\BOOKMARK [1][-]{section.1}{\376\377\000\040\000D\000y\000d\001\176\000i\000o\000\040\000i\000r\000\040\000p\000a\000s\000t\000a\000n\000g\001\163\000\040\000v\000e\000r\000t\000i\000n\000i\000m\000a\000s}{}% 2
\BOOKMARK [2][-]{subsection.1.1}{\376\377\000P\000r\000o\000j\000e\000k\000t\000o\000\040\000d\000y\000d\001\176\000i\000o\000\040\000a\000p\000s\000k\000a\000i\001\015\000i\000a\000v\000i\000m\000a\000s}{section.1}% 3
\BOOKMARK [2][-]{subsection.1.2}{\376\377\000P\000r\000o\000j\000e\000k\000t\000o\000\040\000p\000a\000s\000t\000a\000n\000g\001\163\000\040\000v\000e\000r\000t\000i\000n\000i\000m\000a\000s}{section.1}% 4
\BOOKMARK [1][-]{section.2}{\376\377\000\040\000T\000v\000a\000r\000k\000a\000r\000a\001\141\000t\000i\000s}{}% 5
\BOOKMARK [2][-]{subsection.2.1}{\376\377\000B\0001\000\040\000p\000a\000v\000a\000d\000i\000n\000i\000m\000a\000s}{section.2}% 6
\BOOKMARK [2][-]{subsection.2.2}{\376\377\000B\0002\000\040\000p\000a\000v\000a\000d\000i\000n\000i\000m\000a\000s}{section.2}% 7
\BOOKMARK [3][-]{subsubsection.2.2.1}{\376\377\000B\0002\0001\000\040\000p\000a\000v\000a\000d\000i\000n\000i\000m\000a\000s}{subsection.2.2}% 8
\BOOKMARK [3][-]{subsubsection.2.2.2}{\376\377\000B\0002\0002\000\040\000p\000a\000v\000a\000d\000i\000n\000i\000m\000a\000s}{subsection.2.2}% 9
\BOOKMARK [2][-]{subsection.2.3}{\376\377\000B\0003\000\040\000p\000a\000v\000a\000d\000i\000n\000i\000m\000a\000s}{section.2}% 10
\BOOKMARK [1][-]{section.3}{\376\377\000K\000o\000n\000f\000i\000g\000u\000r\000a\000c\000i\000n\001\027\000\040\000k\000o\000n\000t\000r\000o\000l\001\027}{}% 11
\BOOKMARK [1][-]{section.4}{\376\377\000V\000e\000r\000s\000i\000j\001\163\000\040\000k\000o\000n\000t\000r\000o\000l\001\027}{}% 12
\BOOKMARK [1][-]{section.5}{\376\377\000P\000a\000k\000e\000i\000t\000i\000m\001\163\000\040\000v\000a\000l\000d\000y\000m\000o\000\040\000p\000r\000o\000c\000e\000d\001\153\000r\000a}{}% 13
\BOOKMARK [1][-]{section.6}{\376\377\000P\000a\000k\000e\000i\000t\000i\000m\001\163\000\040\000s\000k\000i\000r\000s\000t\000y\000m\000a\000s}{}% 14
\BOOKMARK [1][-]{section.7}{\376\377\000R\000i\000z\000i\000k\000o\000s\000\040\000v\000a\000l\000d\000y\000m\000a\000s}{}% 15
\BOOKMARK [2][-]{subsection.7.1}{\376\377\000I\000d\000e\000n\000t\000i\000f\000i\000k\000a\000v\000i\000m\000a\000s}{section.7}% 16
\BOOKMARK [2][-]{subsection.7.2}{\376\377\000V\000a\000l\000d\000y\000m\000o\000\040\000s\000t\000r\000a\000t\000e\000g\000i\000j\000a}{section.7}% 17
\BOOKMARK [2][-]{subsection.7.3}{\376\377\000R\000i\000z\000i\000k\000o\000s\000\040\000s\000u\000m\000a\001\176\000i\000n\000i\000m\000a\000s\000,\000\040}{section.7}% 18
\BOOKMARK [2][-]{subsection.7.4}{\376\377\000K\001\005\000\040\000s\000t\000e\000b\001\027\000t\000i\000,\000\040\000a\000t\000s\000i\001\176\000v\000e\000l\000g\000t\000i\000\040\000p\000a\000d\000i\000d\001\027\000j\000u\000s\000\040\000r\000i\000z\000i\000k\000a\000i}{section.7}% 19
\BOOKMARK [2][-]{subsection.7.5}{\376\377\000R\000i\000z\000i\000k\000o\000s\000\040\000v\000a\000l\000d\000y\000m\000a\000s}{section.7}% 20
